<?xml version="1.0" encoding="UTF-8"?>
<!-- Generated by org.testng.reporters.JUnitXMLReporter -->
<testsuite hostname="sandeep" ignored="0" name="Test" tests="1" failures="0" timestamp="26 May 2017 04:15:04 GMT" time="47.677" errors="0">
  <testcase name="@BeforeClass launch" time="47.638" classname="com.application.library.BaseClass">
    <failure type="org.openqa.selenium.WebDriverException" message="Failed to connect to binary FirefoxBinary(/usr/bin/firefox) on port 7055; process output follows: 
&amp;quot;,&amp;quot;e&amp;quot;:true,&amp;quot;v&amp;quot;:&amp;quot;1.0&amp;quot;,&amp;quot;st&amp;quot;:1492139708000}},&amp;quot;app-global&amp;quot;:{&amp;quot;{972ce4c6-7e08-4474-a285-3208198ce6fd}&amp;quot;:{&amp;quot;d&amp;quot;:&amp;quot;/opt/firefox53/browser/extensions/{972ce4c6-7e08-4474-a285-3208198ce6fd}.xpi&amp;quot;,&amp;quot;e&amp;quot;:true,&amp;quot;v&amp;quot;:&amp;quot;53.0&amp;quot;,&amp;quot;st&amp;quot;:1492139708000}},&amp;quot;app-system-share&amp;quot;:{&amp;quot;ubufox@ubuntu.com&amp;quot;:{&amp;quot;d&amp;quot;:&amp;quot;/usr/share/mozilla/extensions/{ec8030f7-c20a-464f-9b0e-13a3a9e97384}/ubufox@ubuntu.com.xpi&amp;quot;,&amp;quot;e&amp;quot;:false,&amp;quot;v&amp;quot;:&amp;quot;3.2&amp;quot;,&amp;quot;st&amp;quot;:1442597111000}}}
1495772059699	addons.xpi	DEBUG	No changes found
1495772059706	addons.xpi	DEBUG	Registering manifest for /opt/firefox53/browser/features/aushelper@mozilla.org.xpi
1495772059706	addons.xpi	DEBUG	Loading bootstrap scope from /opt/firefox53/browser/features/aushelper@mozilla.org.xpi
1495772059710	addons.xpi	DEBUG	Calling bootstrap method startup on aushelper@mozilla.org version 2.0
1495772059711	addons.xpi	DEBUG	Registering manifest for /opt/firefox53/browser/features/e10srollout@mozilla.org.xpi
1495772059711	addons.xpi	DEBUG	Loading bootstrap scope from /opt/firefox53/browser/features/e10srollout@mozilla.org.xpi
1495772059713	addons.xpi	DEBUG	Calling bootstrap method startup on e10srollout@mozilla.org version 1.14
1495772059713	addons.xpi	DEBUG	Registering manifest for /opt/firefox53/browser/features/firefox@getpocket.com.xpi
1495772059714	addons.xpi	DEBUG	Loading bootstrap scope from /opt/firefox53/browser/features/firefox@getpocket.com.xpi
1495772059717	addons.xpi	DEBUG	Calling bootstrap method startup on firefox@getpocket.com version 1.0.5
1495772059723	addons.xpi-utils	DEBUG	Starting async load of XPI database /tmp/anonymous8503494111189363220webdriver-profile/extensions.json
1495772059724	addons.xpi	DEBUG	Registering manifest for /opt/firefox53/browser/features/webcompat@mozilla.org.xpi
1495772059724	addons.xpi	DEBUG	Loading bootstrap scope from /opt/firefox53/browser/features/webcompat@mozilla.org.xpi
1495772059726	addons.xpi	DEBUG	Calling bootstrap method startup on webcompat@mozilla.org version 1.0
1495772059728	addons.manager	DEBUG	Registering shutdown blocker for XPIProvider
1495772059728	addons.manager	DEBUG	Provider finished startup: XPIProvider
1495772059728	addons.manager	DEBUG	Starting provider: LightweightThemeManager
1495772059728	addons.manager	DEBUG	Registering shutdown blocker for LightweightThemeManager
1495772059728	addons.manager	DEBUG	Provider finished startup: LightweightThemeManager
1495772059729	addons.manager	DEBUG	Starting provider: GMPProvider
1495772059732	addons.manager	DEBUG	Registering shutdown blocker for GMPProvider
1495772059732	addons.manager	DEBUG	Provider finished startup: GMPProvider
1495772059733	addons.manager	DEBUG	Starting provider: PluginProvider
1495772059733	addons.manager	DEBUG	Registering shutdown blocker for PluginProvider
1495772059733	addons.manager	DEBUG	Provider finished startup: PluginProvider
1495772059733	addons.manager	DEBUG	Completed startup sequence
1495772059920	addons.xpi-utils	DEBUG	Async JSON file read took 0 MS
1495772059921	addons.xpi-utils	DEBUG	Finished async read of XPI database, parsing...
1495772059923	addons.xpi-utils	DEBUG	Successfully read XPI database
1495772059933	addons.manager	DEBUG	Starting provider: &amp;lt;unnamed-provider&amp;gt;
1495772059934	addons.manager	DEBUG	Registering shutdown blocker for &amp;lt;unnamed-provider&amp;gt;
1495772059934	addons.manager	DEBUG	Provider finished startup: &amp;lt;unnamed-provider&amp;gt;
*** Blocklist::_loadBlocklistFromFile: blocklist is disabled
1495772060016	addons.manager	DEBUG	Starting provider: PreviousExperimentProvider
1495772060016	addons.manager	DEBUG	Registering shutdown blocker for PreviousExperimentProvider
1495772060016	addons.manager	DEBUG	Provider finished startup: PreviousExperimentProvider

(/opt/firefox53/firefox:5279): GLib-GObject-CRITICAL **: g_object_ref: assertion &amp;apos;object-&amp;gt;ref_count &amp;gt; 0&amp;apos; failed

(/opt/firefox53/firefox:5279): GLib-GObject-CRITICAL **: g_object_unref: assertion &amp;apos;object-&amp;gt;ref_count &amp;gt; 0&amp;apos; failed

(/opt/firefox53/firefox:5279): GLib-GObject-CRITICAL **: g_object_ref: assertion &amp;apos;object-&amp;gt;ref_count &amp;gt; 0&amp;apos; failed

(/opt/firefox53/firefox:5279): GLib-GObject-CRITICAL **: g_object_unref: assertion &amp;apos;object-&amp;gt;ref_count &amp;gt; 0&amp;apos; failed

Build info: version: &amp;apos;2.42.2&amp;apos;, revision: &amp;apos;6a6995d&amp;apos;, time: &amp;apos;2014-06-03 17:42:03&amp;apos;
System info: host: &amp;apos;sandeep&amp;apos;, ip: &amp;apos;127.0.1.1&amp;apos;, os.name: &amp;apos;Linux&amp;apos;, os.arch: &amp;apos;amd64&amp;apos;, os.version: &amp;apos;4.4.0-62-generic&amp;apos;, java.version: &amp;apos;1.8.0_121&amp;apos;
Driver info: driver.version: FirefoxDriver">
      <![CDATA[org.openqa.selenium.WebDriverException: Failed to connect to binary FirefoxBinary(/usr/bin/firefox) on port 7055; process output follows: 
","e":true,"v":"1.0","st":1492139708000}},"app-global":{"{972ce4c6-7e08-4474-a285-3208198ce6fd}":{"d":"/opt/firefox53/browser/extensions/{972ce4c6-7e08-4474-a285-3208198ce6fd}.xpi","e":true,"v":"53.0","st":1492139708000}},"app-system-share":{"ubufox@ubuntu.com":{"d":"/usr/share/mozilla/extensions/{ec8030f7-c20a-464f-9b0e-13a3a9e97384}/ubufox@ubuntu.com.xpi","e":false,"v":"3.2","st":1442597111000}}}
1495772059699	addons.xpi	DEBUG	No changes found
1495772059706	addons.xpi	DEBUG	Registering manifest for /opt/firefox53/browser/features/aushelper@mozilla.org.xpi
1495772059706	addons.xpi	DEBUG	Loading bootstrap scope from /opt/firefox53/browser/features/aushelper@mozilla.org.xpi
1495772059710	addons.xpi	DEBUG	Calling bootstrap method startup on aushelper@mozilla.org version 2.0
1495772059711	addons.xpi	DEBUG	Registering manifest for /opt/firefox53/browser/features/e10srollout@mozilla.org.xpi
1495772059711	addons.xpi	DEBUG	Loading bootstrap scope from /opt/firefox53/browser/features/e10srollout@mozilla.org.xpi
1495772059713	addons.xpi	DEBUG	Calling bootstrap method startup on e10srollout@mozilla.org version 1.14
1495772059713	addons.xpi	DEBUG	Registering manifest for /opt/firefox53/browser/features/firefox@getpocket.com.xpi
1495772059714	addons.xpi	DEBUG	Loading bootstrap scope from /opt/firefox53/browser/features/firefox@getpocket.com.xpi
1495772059717	addons.xpi	DEBUG	Calling bootstrap method startup on firefox@getpocket.com version 1.0.5
1495772059723	addons.xpi-utils	DEBUG	Starting async load of XPI database /tmp/anonymous8503494111189363220webdriver-profile/extensions.json
1495772059724	addons.xpi	DEBUG	Registering manifest for /opt/firefox53/browser/features/webcompat@mozilla.org.xpi
1495772059724	addons.xpi	DEBUG	Loading bootstrap scope from /opt/firefox53/browser/features/webcompat@mozilla.org.xpi
1495772059726	addons.xpi	DEBUG	Calling bootstrap method startup on webcompat@mozilla.org version 1.0
1495772059728	addons.manager	DEBUG	Registering shutdown blocker for XPIProvider
1495772059728	addons.manager	DEBUG	Provider finished startup: XPIProvider
1495772059728	addons.manager	DEBUG	Starting provider: LightweightThemeManager
1495772059728	addons.manager	DEBUG	Registering shutdown blocker for LightweightThemeManager
1495772059728	addons.manager	DEBUG	Provider finished startup: LightweightThemeManager
1495772059729	addons.manager	DEBUG	Starting provider: GMPProvider
1495772059732	addons.manager	DEBUG	Registering shutdown blocker for GMPProvider
1495772059732	addons.manager	DEBUG	Provider finished startup: GMPProvider
1495772059733	addons.manager	DEBUG	Starting provider: PluginProvider
1495772059733	addons.manager	DEBUG	Registering shutdown blocker for PluginProvider
1495772059733	addons.manager	DEBUG	Provider finished startup: PluginProvider
1495772059733	addons.manager	DEBUG	Completed startup sequence
1495772059920	addons.xpi-utils	DEBUG	Async JSON file read took 0 MS
1495772059921	addons.xpi-utils	DEBUG	Finished async read of XPI database, parsing...
1495772059923	addons.xpi-utils	DEBUG	Successfully read XPI database
1495772059933	addons.manager	DEBUG	Starting provider: <unnamed-provider>
1495772059934	addons.manager	DEBUG	Registering shutdown blocker for <unnamed-provider>
1495772059934	addons.manager	DEBUG	Provider finished startup: <unnamed-provider>
*** Blocklist::_loadBlocklistFromFile: blocklist is disabled
1495772060016	addons.manager	DEBUG	Starting provider: PreviousExperimentProvider
1495772060016	addons.manager	DEBUG	Registering shutdown blocker for PreviousExperimentProvider
1495772060016	addons.manager	DEBUG	Provider finished startup: PreviousExperimentProvider

(/opt/firefox53/firefox:5279): GLib-GObject-CRITICAL **: g_object_ref: assertion 'object->ref_count > 0' failed

(/opt/firefox53/firefox:5279): GLib-GObject-CRITICAL **: g_object_unref: assertion 'object->ref_count > 0' failed

(/opt/firefox53/firefox:5279): GLib-GObject-CRITICAL **: g_object_ref: assertion 'object->ref_count > 0' failed

(/opt/firefox53/firefox:5279): GLib-GObject-CRITICAL **: g_object_unref: assertion 'object->ref_count > 0' failed

Build info: version: '2.42.2', revision: '6a6995d', time: '2014-06-03 17:42:03'
System info: host: 'sandeep', ip: '127.0.1.1', os.name: 'Linux', os.arch: 'amd64', os.version: '4.4.0-62-generic', java.version: '1.8.0_121'
Driver info: driver.version: FirefoxDriver
	at org.openqa.selenium.firefox.internal.NewProfileExtensionConnection.start(NewProfileExtensionConnection.java:130)
	at org.openqa.selenium.firefox.FirefoxDriver.startClient(FirefoxDriver.java:246)
	at org.openqa.selenium.remote.RemoteWebDriver.<init>(RemoteWebDriver.java:114)
	at org.openqa.selenium.firefox.FirefoxDriver.<init>(FirefoxDriver.java:193)
	at org.openqa.selenium.firefox.FirefoxDriver.<init>(FirefoxDriver.java:186)
	at org.openqa.selenium.firefox.FirefoxDriver.<init>(FirefoxDriver.java:182)
	at org.openqa.selenium.firefox.FirefoxDriver.<init>(FirefoxDriver.java:95)
	at com.application.library.BaseClass.launch(BaseClass.java:29)
Caused by: org.openqa.selenium.firefox.NotConnectedException: Unable to connect to host 127.0.0.1 on port 7055 after 45000 ms. Firefox console output:
","e":true,"v":"1.0","st":1492139708000}},"app-global":{"{972ce4c6-7e08-4474-a285-3208198ce6fd}":{"d":"/opt/firefox53/browser/extensions/{972ce4c6-7e08-4474-a285-3208198ce6fd}.xpi","e":true,"v":"53.0","st":1492139708000}},"app-system-share":{"ubufox@ubuntu.com":{"d":"/usr/share/mozilla/extensions/{ec8030f7-c20a-464f-9b0e-13a3a9e97384}/ubufox@ubuntu.com.xpi","e":false,"v":"3.2","st":1442597111000}}}
1495772059699	addons.xpi	DEBUG	No changes found
1495772059706	addons.xpi	DEBUG	Registering manifest for /opt/firefox53/browser/features/aushelper@mozilla.org.xpi
1495772059706	addons.xpi	DEBUG	Loading bootstrap scope from /opt/firefox53/browser/features/aushelper@mozilla.org.xpi
1495772059710	addons.xpi	DEBUG	Calling bootstrap method startup on aushelper@mozilla.org version 2.0
1495772059711	addons.xpi	DEBUG	Registering manifest for /opt/firefox53/browser/features/e10srollout@mozilla.org.xpi
1495772059711	addons.xpi	DEBUG	Loading bootstrap scope from /opt/firefox53/browser/features/e10srollout@mozilla.org.xpi
1495772059713	addons.xpi	DEBUG	Calling bootstrap method startup on e10srollout@mozilla.org version 1.14
1495772059713	addons.xpi	DEBUG	Registering manifest for /opt/firefox53/browser/features/firefox@getpocket.com.xpi
1495772059714	addons.xpi	DEBUG	Loading bootstrap scope from /opt/firefox53/browser/features/firefox@getpocket.com.xpi
1495772059717	addons.xpi	DEBUG	Calling bootstrap method startup on firefox@getpocket.com version 1.0.5
1495772059723	addons.xpi-utils	DEBUG	Starting async load of XPI database /tmp/anonymous8503494111189363220webdriver-profile/extensions.json
1495772059724	addons.xpi	DEBUG	Registering manifest for /opt/firefox53/browser/features/webcompat@mozilla.org.xpi
1495772059724	addons.xpi	DEBUG	Loading bootstrap scope from /opt/firefox53/browser/features/webcompat@mozilla.org.xpi
1495772059726	addons.xpi	DEBUG	Calling bootstrap method startup on webcompat@mozilla.org version 1.0
1495772059728	addons.manager	DEBUG	Registering shutdown blocker for XPIProvider
1495772059728	addons.manager	DEBUG	Provider finished startup: XPIProvider
1495772059728	addons.manager	DEBUG	Starting provider: LightweightThemeManager
1495772059728	addons.manager	DEBUG	Registering shutdown blocker for LightweightThemeManager
1495772059728	addons.manager	DEBUG	Provider finished startup: LightweightThemeManager
1495772059729	addons.manager	DEBUG	Starting provider: GMPProvider
1495772059732	addons.manager	DEBUG	Registering shutdown blocker for GMPProvider
1495772059732	addons.manager	DEBUG	Provider finished startup: GMPProvider
1495772059733	addons.manager	DEBUG	Starting provider: PluginProvider
1495772059733	addons.manager	DEBUG	Registering shutdown blocker for PluginProvider
1495772059733	addons.manager	DEBUG	Provider finished startup: PluginProvider
1495772059733	addons.manager	DEBUG	Completed startup sequence
1495772059920	addons.xpi-utils	DEBUG	Async JSON file read took 0 MS
1495772059921	addons.xpi-utils	DEBUG	Finished async read of XPI database, parsing...
1495772059923	addons.xpi-utils	DEBUG	Successfully read XPI database
1495772059933	addons.manager	DEBUG	Starting provider: <unnamed-provider>
1495772059934	addons.manager	DEBUG	Registering shutdown blocker for <unnamed-provider>
1495772059934	addons.manager	DEBUG	Provider finished startup: <unnamed-provider>
*** Blocklist::_loadBlocklistFromFile: blocklist is disabled
1495772060016	addons.manager	DEBUG	Starting provider: PreviousExperimentProvider
1495772060016	addons.manager	DEBUG	Registering shutdown blocker for PreviousExperimentProvider
1495772060016	addons.manager	DEBUG	Provider finished startup: PreviousExperimentProvider

(/opt/firefox53/firefox:5279): GLib-GObject-CRITICAL **: g_object_ref: assertion 'object->ref_count > 0' failed

(/opt/firefox53/firefox:5279): GLib-GObject-CRITICAL **: g_object_unref: assertion 'object->ref_count > 0' failed

(/opt/firefox53/firefox:5279): GLib-GObject-CRITICAL **: g_object_ref: assertion 'object->ref_count > 0' failed

(/opt/firefox53/firefox:5279): GLib-GObject-CRITICAL **: g_object_unref: assertion 'object->ref_count > 0' failed

	at org.openqa.selenium.firefox.internal.NewProfileExtensionConnection.start(NewProfileExtensionConnection.java:118)
	... 32 more
... Removed 25 stack frames]]>
    </failure>
  </testcase> <!-- @BeforeClass launch -->
  <testcase name="@BeforeMethod login" time="0.0" classname="com.application.library.BaseClass">
    <skipped/>
  </testcase> <!-- @BeforeMethod login -->
  <testcase name="@AfterClass quit" time="0.0" classname="com.application.library.BaseClass">
    <skipped/>
  </testcase> <!-- @AfterClass quit -->
  <testcase name="testHome" time="0.0" classname="com.application.tests.TestClass">
    <skipped/>
  </testcase> <!-- testHome -->
</testsuite> <!-- Test -->
