<?xml version="1.0" encoding="UTF-8"?>
<testsuite xmlns:xsi="http://www.w3.org/2001/XMLSchema-instance" xsi:schemaLocation="https://maven.apache.org/surefire/maven-surefire-plugin/xsd/surefire-test-report.xsd" name="TestSuite" time="19.356" tests="2" errors="0" skipped="0" failures="2">
  <properties>
[...]
</properties>
  <testcase name="testHome" classname="com.application.tests.TestClass" time="8.295">
    <failure message="Failed to decode response from marionette&#10;Build info: version: &apos;3.4.0&apos;, revision: &apos;unknown&apos;, time: &apos;unknown&apos;&#10;System info: host: &apos;sandeep&apos;, ip: &apos;127.0.1.1&apos;, os.name: &apos;Linux&apos;, os.arch: &apos;amd64&apos;, os.version: &apos;4.4.0-62-generic&apos;, java.version: &apos;1.8.0_121&apos;&#10;Driver info: org.openqa.selenium.firefox.FirefoxDriver&#10;Capabilities [{moz:profile=/tmp/rust_mozprofile.QH8fshkP8XqX, rotatable=false, timeouts={implicit=0.0, pageLoad=300000.0, script=30000.0}, pageLoadStrategy=normal, platform=ANY, specificationLevel=0.0, moz:accessibilityChecks=false, acceptInsecureCerts=false, browserVersion=53.0, platformVersion=4.4.0-62-generic, moz:processID=17656.0, browserName=firefox, javascriptEnabled=true, platformName=linux}]&#10;Session ID: 9fe61d46-6355-43cf-92c8-aaf0854fd7bc&#10;*** Element info: {Using=xpath, value=//div[@class=&apos;cartContainer col-xs-11 reset-padding&apos;]}" type="org.openqa.selenium.WebDriverException">org.openqa.selenium.WebDriverException: 
Failed to decode response from marionette
Build info: version: '3.4.0', revision: 'unknown', time: 'unknown'
System info: host: 'sandeep', ip: '127.0.1.1', os.name: 'Linux', os.arch: 'amd64', os.version: '4.4.0-62-generic', java.version: '1.8.0_121'
Driver info: org.openqa.selenium.firefox.FirefoxDriver
Capabilities [{moz:profile=/tmp/rust_mozprofile.QH8fshkP8XqX, rotatable=false, timeouts={implicit=0.0, pageLoad=300000.0, script=30000.0}, pageLoadStrategy=normal, platform=ANY, specificationLevel=0.0, moz:accessibilityChecks=false, acceptInsecureCerts=false, browserVersion=53.0, platformVersion=4.4.0-62-generic, moz:processID=17656.0, browserName=firefox, javascriptEnabled=true, platformName=linux}]
Session ID: 9fe61d46-6355-43cf-92c8-aaf0854fd7bc
*** Element info: {Using=xpath, value=//div[@class='cartContainer col-xs-11 reset-padding']}
	at com.application.tests.TestClass.testHome(TestClass.java:19)
</failure>
    <system-err><![CDATA[1495796421060	geckodriver	INFO	Listening on 127.0.0.1:10175
1495796421377	geckodriver::marionette	INFO	Starting browser /opt/firefox53/firefox with args ["-marionette"]

(firefox:17656): GLib-GObject-CRITICAL **: g_object_ref: assertion 'object->ref_count > 0' failed

(firefox:17656): GLib-GObject-CRITICAL **: g_object_unref: assertion 'object->ref_count > 0' failed

(firefox:17656): GLib-GObject-CRITICAL **: g_object_ref: assertion 'object->ref_count > 0' failed

(firefox:17656): GLib-GObject-CRITICAL **: g_object_unref: assertion 'object->ref_count > 0' failed
1495796423073	Marionette	INFO	Listening on port 33202

(/opt/firefox53/firefox:17721): GLib-GObject-CRITICAL **: g_object_ref: assertion 'object->ref_count > 0' failed

(/opt/firefox53/firefox:17721): GLib-GObject-CRITICAL **: g_object_unref: assertion 'object->ref_count > 0' failed

(/opt/firefox53/firefox:17721): GLib-GObject-CRITICAL **: g_object_ref: assertion 'object->ref_count > 0' failed

(/opt/firefox53/firefox:17721): GLib-GObject-CRITICAL **: g_object_unref: assertion 'object->ref_count > 0' failed
May 26, 2017 4:30:23 PM org.openqa.selenium.remote.ProtocolHandshake createSession
INFO: Detected dialect: W3C
JavaScript warning: https://i1.sdlcdn.com/js/juspayintegration1495010741148/snap/base.jquery111.min.js, line 20: unreachable code after return statement
JavaScript warning: https://i1.sdlcdn.com/js/juspayintegration1495010741148/snap/base.jquery111.min.js, line 23: unreachable code after return statement
JavaScript warning: https://i1.sdlcdn.com/js/juspayintegration1495010741148/snap/base.jquery111.min.js, line 20: unreachable code after return statement
JavaScript warning: https://i1.sdlcdn.com/js/juspayintegration1495010741148/snap/base.jquery111.min.js, line 23: unreachable code after return statement
JavaScript warning: https://i1.sdlcdn.com/js/juspayintegration1495010741148/snap/base.jquery111.min.js, line 20: unreachable code after return statement
JavaScript warning: https://i1.sdlcdn.com/js/juspayintegration1495010741148/snap/base.jquery111.min.js, line 23: unreachable code after return statement
JavaScript warning: https://i1.sdlcdn.com/js/juspayintegration1495010741148/snap/base.jquery111.min.js, line 20: unreachable code after return statement
JavaScript warning: https://i1.sdlcdn.com/js/juspayintegration1495010741148/snap/base.jquery111.min.js, line 20: unreachable code after return statement
JavaScript warning: https://i1.sdlcdn.com/js/juspayintegration1495010741148/snap/base.jquery111.min.js, line 23: unreachable code after return statement
JavaScript warning: https://i1.sdlcdn.com/js/juspayintegration1495010741148/snap/base.jquery111.min.js, line 20: unreachable code after return statement
JavaScript warning: https://i1.sdlcdn.com/js/juspayintegration1495010741148/snap/base.jquery111.min.js, line 23: unreachable code after return statement
JavaScript warning: https://i4.sdlcdn.com/js/juspayintegration1495010741148/snapdeal/loginIframe.min.js, line 62: unreachable code after return statement
JavaScript warning: https://i4.sdlcdn.com/js/juspayintegration1495010741148/snapdeal/loginIframe.min.js, line 66: unreachable code after return statement
JavaScript warning: https://i4.sdlcdn.com/js/juspayintegration1495010741148/snapdeal/loginIframe.min.js, line 62: unreachable code after return statement

(firefox:17656): GLib-GObject-CRITICAL **: g_object_ref: assertion 'object->ref_count > 0' failed

(firefox:17656): GLib-GObject-CRITICAL **: g_object_unref: assertion 'object->ref_count > 0' failed

(firefox:17656): GLib-GObject-CRITICAL **: g_object_ref: assertion 'object->ref_count > 0' failed

(firefox:17656): GLib-GObject-CRITICAL **: g_object_unref: assertion 'object->ref_count > 0' failed

(firefox:17656): GLib-GObject-CRITICAL **: g_object_ref: assertion 'object->ref_count > 0' failed

(firefox:17656): GLib-GObject-CRITICAL **: g_object_unref: assertion 'object->ref_count > 0' failed

(firefox:17656): GLib-GObject-CRITICAL **: g_object_ref: assertion 'object->ref_count > 0' failed

(firefox:17656): GLib-GObject-CRITICAL **: g_object_unref: assertion 'object->ref_count > 0' failed

(firefox:17656): GLib-GObject-CRITICAL **: g_object_ref: assertion 'object->ref_count > 0' failed

(firefox:17656): GLib-GObject-CRITICAL **: g_object_unref: assertion 'object->ref_count > 0' failed
]]></system-err>
  </testcase>
  <testcase name="quit" classname="com.application.tests.TestClass" time="8.366">
    <failure message="Tried to run command without establishing a connection&#10;Build info: version: &apos;3.4.0&apos;, revision: &apos;unknown&apos;, time: &apos;unknown&apos;&#10;System info: host: &apos;sandeep&apos;, ip: &apos;127.0.1.1&apos;, os.name: &apos;Linux&apos;, os.arch: &apos;amd64&apos;, os.version: &apos;4.4.0-62-generic&apos;, java.version: &apos;1.8.0_121&apos;&#10;Driver info: org.openqa.selenium.firefox.FirefoxDriver&#10;Capabilities [{moz:profile=/tmp/rust_mozprofile.QH8fshkP8XqX, rotatable=false, timeouts={implicit=0.0, pageLoad=300000.0, script=30000.0}, pageLoadStrategy=normal, platform=ANY, specificationLevel=0.0, moz:accessibilityChecks=false, acceptInsecureCerts=false, browserVersion=53.0, platformVersion=4.4.0-62-generic, moz:processID=17656.0, browserName=firefox, javascriptEnabled=true, platformName=linux}]&#10;Session ID: 9fe61d46-6355-43cf-92c8-aaf0854fd7bc" type="org.openqa.selenium.WebDriverException">org.openqa.selenium.WebDriverException: 
Tried to run command without establishing a connection
Build info: version: '3.4.0', revision: 'unknown', time: 'unknown'
System info: host: 'sandeep', ip: '127.0.1.1', os.name: 'Linux', os.arch: 'amd64', os.version: '4.4.0-62-generic', java.version: '1.8.0_121'
Driver info: org.openqa.selenium.firefox.FirefoxDriver
Capabilities [{moz:profile=/tmp/rust_mozprofile.QH8fshkP8XqX, rotatable=false, timeouts={implicit=0.0, pageLoad=300000.0, script=30000.0}, pageLoadStrategy=normal, platform=ANY, specificationLevel=0.0, moz:accessibilityChecks=false, acceptInsecureCerts=false, browserVersion=53.0, platformVersion=4.4.0-62-generic, moz:processID=17656.0, browserName=firefox, javascriptEnabled=true, platformName=linux}]
Session ID: 9fe61d46-6355-43cf-92c8-aaf0854fd7bc
</failure>
  </testcase>
</testsuite>