<?xml version="1.0" encoding="UTF-8"?>
<testng-results skipped="0" failed="0" ignored="0" total="1" passed="1">
  <reporter-output>
  </reporter-output>
  <suite name="Default suite" duration-ms="35512" started-at="2017-05-26T04:23:04Z" finished-at="2017-05-26T04:23:39Z">
    <groups>
    </groups>
    <test name="Default test" duration-ms="35512" started-at="2017-05-26T04:23:04Z" finished-at="2017-05-26T04:23:39Z">
      <class name="com.application.tests.TestClass">
        <test-method status="PASS" signature="launch()[pri:0, instance:com.application.tests.TestClass@9629756]" name="launch" is-config="true" duration-ms="5841" started-at="2017-05-26T09:53:04Z" finished-at="2017-05-26T09:53:10Z">
          <reporter-output>
          </reporter-output>
        </test-method> <!-- launch -->
        <test-method status="PASS" signature="login()[pri:0, instance:com.application.tests.TestClass@9629756]" name="login" is-config="true" duration-ms="0" started-at="2017-05-26T09:53:10Z" finished-at="2017-05-26T09:53:10Z">
          <reporter-output>
          </reporter-output>
        </test-method> <!-- login -->
        <test-method status="PASS" signature="testHome()[pri:0, instance:com.application.tests.TestClass@9629756]" name="testHome" duration-ms="29380" started-at="2017-05-26T09:53:10Z" finished-at="2017-05-26T09:53:39Z">
          <reporter-output>
          </reporter-output>
        </test-method> <!-- testHome -->
        <test-method status="PASS" signature="logout()[pri:0, instance:com.application.tests.TestClass@9629756]" name="logout" is-config="true" duration-ms="1" started-at="2017-05-26T09:53:39Z" finished-at="2017-05-26T09:53:39Z">
          <reporter-output>
          </reporter-output>
        </test-method> <!-- logout -->
        <test-method status="PASS" signature="quit()[pri:0, instance:com.application.tests.TestClass@9629756]" name="quit" is-config="true" duration-ms="265" started-at="2017-05-26T09:53:39Z" finished-at="2017-05-26T09:53:39Z">
          <reporter-output>
          </reporter-output>
        </test-method> <!-- quit -->
      </class> <!-- com.application.tests.TestClass -->
    </test> <!-- Default test -->
  </suite> <!-- Default suite -->
</testng-results>
